<?xml version="1.0" encoding="UTF-8"?>
<!-- Generated by org.testng.reporters.JUnitXMLReporter -->
<testsuite ignored="0" hostname="Soumyadipta" failures="0" tests="3" name="Default test" time="0.055" errors="0" timestamp="2024-08-07T23:32:48 IST">
  <testcase classname="javaStreams.JavaStream" name="mapping" time="0.009"/>
  <testcase classname="javaStreams.JavaStream" name="printmapping" time="0.004"/>
  <testcase classname="javaStreams.JavaStream" name="regular" time="0.001"/>
</testsuite> <!-- Default test -->
